<?xml version="1.0" encoding="UTF-8"?>
<!-- Generated by org.testng.reporters.JUnitReportReporter -->
<testsuite skipped="0" hostname="DESKTOP-PU3962Q" name="Parallel.ParallelRun" tests="2" failures="0" timestamp="19 Feb 2021 09:57:07 GMT" time="42.920" errors="0">
  <testcase name="runScenario" time="18.541" classname="Parallel.ParallelRun"/>
  <testcase name="runScenario" time="24.379" classname="Parallel.ParallelRun"/>
</testsuite> <!-- Parallel.ParallelRun -->
