<?xml version="1.0" encoding="UTF-8"?>
<!-- Generated by org.testng.reporters.JUnitReportReporter -->
<testsuite skipped="0" hostname="DESKTOP-OJ618SO" name="Parallel.ParallelRun" tests="2" failures="0" timestamp="26 Feb 2021 04:49:13 GMT" time="66.217" errors="0">
  <testcase name="runScenario" time="30.993" classname="Parallel.ParallelRun"/>
  <testcase name="runScenario" time="35.224" classname="Parallel.ParallelRun"/>
</testsuite> <!-- Parallel.ParallelRun -->
