<?xml version="1.0" encoding="UTF-8"?>
<!-- Generated by org.testng.reporters.JUnitReportReporter -->
<testsuite name="Parallel.ParallelRun" tests="2" time="42.128" ignored="0" failures="0" timestamp="19 Feb 2021 09:47:23 GMT" skipped="0" hostname="DESKTOP-PU3962Q" errors="0">
  <testcase name="runScenario" time="24.781" classname="Parallel.ParallelRun"/>
  <testcase name="runScenario" time="17.347" classname="Parallel.ParallelRun"/>
</testsuite> <!-- Parallel.ParallelRun -->
