<?xml version="1.0" encoding="UTF-8"?>
<!-- Generated by org.testng.reporters.JUnitReportReporter -->
<testsuite skipped="0" hostname="DESKTOP-PU3962Q" name="Parallel.ParallelRun" tests="2" failures="0" timestamp="25 Feb 2021 11:18:06 GMT" time="44.763" errors="0">
  <testcase name="runScenario" time="19.519" classname="Parallel.ParallelRun"/>
  <testcase name="runScenario" time="25.244" classname="Parallel.ParallelRun"/>
</testsuite> <!-- Parallel.ParallelRun -->
