<?xml version="1.0" encoding="UTF-8"?>
<!-- Generated by org.testng.reporters.JUnitReportReporter -->
<testsuite skipped="0" hostname="DESKTOP-PU3962Q" name="Parallel.ParallelRun" tests="2" failures="0" timestamp="19 Feb 2021 09:55:42 GMT" time="44.152" errors="0">
  <testcase name="runScenario" time="25.004" classname="Parallel.ParallelRun"/>
  <testcase name="runScenario" time="19.148" classname="Parallel.ParallelRun"/>
</testsuite> <!-- Parallel.ParallelRun -->
