<?xml version="1.0" encoding="UTF-8"?>
<!-- Generated by org.testng.reporters.JUnitReportReporter -->
<testsuite skipped="0" hostname="DESKTOP-PU3962Q" name="Parallel.ParallelRun" tests="2" failures="0" timestamp="23 Feb 2021 07:55:36 GMT" time="40.343" errors="0">
  <testcase name="runScenario" time="17.143" classname="Parallel.ParallelRun"/>
  <testcase name="runScenario" time="23.200" classname="Parallel.ParallelRun"/>
</testsuite> <!-- Parallel.ParallelRun -->
