<?xml version="1.0" encoding="UTF-8"?>
<!-- Generated by org.testng.reporters.JUnitReportReporter -->
<testsuite skipped="0" hostname="DESKTOP-PU3962Q" name="Parallel.ParallelRun" tests="2" failures="0" timestamp="01 Mar 2021 10:40:23 GMT" time="44.418" errors="0">
  <testcase name="runScenario" time="25.900" classname="Parallel.ParallelRun"/>
  <testcase name="runScenario" time="18.518" classname="Parallel.ParallelRun"/>
</testsuite> <!-- Parallel.ParallelRun -->
